<?xml version="1.0" encoding="UTF-8"?>
<!-- Generated by org.testng.reporters.JUnitXMLReporter -->
<testsuite ignored="0" hostname="Aaveshs-MacBook-Air.local" failures="0" tests="4" name="Test" time="166.622" errors="0" timestamp="2024-10-08T01:25:39 IST">
  <testcase classname="e_commerce.Test_classes" name="Buynow" time="3.459"/>
  <testcase classname="e_commerce.Test_classes" name="test" time="9.37"/>
  <testcase classname="ecommerce2.Pets" name="addcart" time="27.404"/>
  <testcase classname="ecommerce2.Pets" name="Buynow" time="32.118"/>
</testsuite> <!-- Test -->
