<?xml version="1.0" encoding="UTF-8"?>
<testng-results ignored="0" total="2" passed="2" failed="0" skipped="0">
  <reporter-output>
  </reporter-output>
  <suite started-at="2024-10-14T17:03:07 IST" name="AmazonSuite" finished-at="2024-10-14T17:03:39 IST" duration-ms="32282">
    <groups>
    </groups>
    <test started-at="2024-10-14T17:03:07 IST" name="ChromeTest" finished-at="2024-10-14T17:03:39 IST" duration-ms="32282">
      <class name="e_commerce.Test_classes">
        <test-method is-config="true" signature="openBrowsers(java.lang.String)[pri:0, instance:e_commerce.Test_classes@61862a7f]" started-at="2024-10-14T17:03:07 IST" name="openBrowsers" finished-at="2024-10-14T17:03:09 IST" duration-ms="2012" status="PASS">
          <params>
            <param index="0">
              <value>
                <![CDATA[Chrome]]>
              </value>
            </param>
          </params>
          <reporter-output>
          </reporter-output>
        </test-method> <!-- openBrowsers -->
        <test-method is-config="true" signature="beforeClass()[pri:0, instance:e_commerce.Test_classes@61862a7f]" started-at="2024-10-14T17:03:09 IST" name="beforeClass" finished-at="2024-10-14T17:03:09 IST" duration-ms="9" status="PASS">
          <reporter-output>
          </reporter-output>
        </test-method> <!-- beforeClass -->
        <test-method is-config="true" signature="beforemethod()[pri:0, instance:e_commerce.Test_classes@61862a7f]" started-at="2024-10-14T17:03:09 IST" name="beforemethod" finished-at="2024-10-14T17:03:11 IST" duration-ms="2654" status="PASS">
          <reporter-output>
          </reporter-output>
        </test-method> <!-- beforemethod -->
        <test-method signature="Buynow()[pri:0, instance:e_commerce.Test_classes@61862a7f]" started-at="2024-10-14T17:03:11 IST" name="Buynow" finished-at="2024-10-14T17:03:15 IST" duration-ms="3742" status="PASS">
          <reporter-output>
          </reporter-output>
        </test-method> <!-- Buynow -->
        <test-method is-config="true" signature="aftermethod()[pri:0, instance:e_commerce.Test_classes@61862a7f]" started-at="2024-10-14T17:03:15 IST" name="aftermethod" finished-at="2024-10-14T17:03:20 IST" duration-ms="5147" status="PASS">
          <reporter-output>
          </reporter-output>
        </test-method> <!-- aftermethod -->
        <test-method is-config="true" signature="beforemethod()[pri:0, instance:e_commerce.Test_classes@61862a7f]" started-at="2024-10-14T17:03:20 IST" name="beforemethod" finished-at="2024-10-14T17:03:22 IST" duration-ms="2113" status="PASS">
          <reporter-output>
          </reporter-output>
        </test-method> <!-- beforemethod -->
        <test-method signature="test()[pri:0, instance:e_commerce.Test_classes@61862a7f]" started-at="2024-10-14T17:03:22 IST" name="test" finished-at="2024-10-14T17:03:32 IST" duration-ms="9980" status="PASS">
          <reporter-output>
          </reporter-output>
        </test-method> <!-- test -->
        <test-method is-config="true" signature="aftermethod()[pri:0, instance:e_commerce.Test_classes@61862a7f]" started-at="2024-10-14T17:03:32 IST" name="aftermethod" finished-at="2024-10-14T17:03:34 IST" duration-ms="1356" status="PASS">
          <reporter-output>
          </reporter-output>
        </test-method> <!-- aftermethod -->
        <test-method is-config="true" signature="afterClass()[pri:0, instance:e_commerce.Test_classes@61862a7f]" started-at="2024-10-14T17:03:34 IST" name="afterClass" finished-at="2024-10-14T17:03:39 IST" duration-ms="5006" status="PASS">
          <reporter-output>
          </reporter-output>
        </test-method> <!-- afterClass -->
        <test-method is-config="true" signature="closed()[pri:0, instance:e_commerce.Test_classes@61862a7f]" started-at="2024-10-14T17:03:39 IST" name="closed" finished-at="2024-10-14T17:03:39 IST" duration-ms="241" status="PASS">
          <reporter-output>
          </reporter-output>
        </test-method> <!-- closed -->
      </class> <!-- e_commerce.Test_classes -->
    </test> <!-- ChromeTest -->
  </suite> <!-- AmazonSuite -->
</testng-results>
