<?xml version="1.0" encoding="UTF-8"?>
<!-- Generated by org.testng.reporters.JUnitXMLReporter -->
<testsuite ignored="0" hostname="Aaveshs-MacBook-Air.local" failures="1" tests="2" name="FirefoxTest" time="11.328" errors="0" timestamp="2024-10-09T22:23:06 IST">
  <testcase classname="e_commerce.Test_classes" name="Buynow" time="3.923">
    <failure type="org.openqa.selenium.interactions.MoveTargetOutOfBoundsException" message="Move target (394, 798) is out of bounds of viewport dimensions (1440, 734)
Build info: version: &amp;apos;4.24.0&amp;apos;, revision: &amp;apos;748ffc9bc3&amp;apos;
System info: os.name: &amp;apos;Mac OS X&amp;apos;, os.arch: &amp;apos;aarch64&amp;apos;, os.version: &amp;apos;15.0.1&amp;apos;, java.version: &amp;apos;21.0.1&amp;apos;
Driver info: org.openqa.selenium.firefox.FirefoxDriver
Command: [2eb8fd54-595a-45f8-b6dc-1c1d624cb2c4, actions {actions=[org.openqa.selenium.interactions.Sequence@3113a37]}]
Capabilities {acceptInsecureCerts: true, browserName: firefox, browserVersion: 131.0, moz:accessibilityChecks: false, moz:buildID: 20240923135042, moz:debuggerAddress: 127.0.0.1:18580, moz:geckodriverVersion: 0.35.0, moz:headless: false, moz:platformVersion: 24.0.0, moz:processID: 14047, moz:profile: /var/folders/bd/9z0zwy_d06x..., moz:shutdownTimeout: 60000, moz:webdriverClick: true, moz:windowless: false, pageLoadStrategy: normal, platformName: mac, proxy: Proxy(), se:cdp: ws://127.0.0.1:18580/devtoo..., se:cdpVersion: 85.0, setWindowRect: true, strictFileInteractability: false, timeouts: {implicit: 0, pageLoad: 300000, script: 30000}, unhandledPromptBehavior: dismiss and notify, userAgent: Mozilla/5.0 (Macintosh; Int...}
Session ID: 2eb8fd54-595a-45f8-b6dc-1c1d624cb2c4">
      <![CDATA[org.openqa.selenium.interactions.MoveTargetOutOfBoundsException: Move target (394, 798) is out of bounds of viewport dimensions (1440, 734)
Build info: version: '4.24.0', revision: '748ffc9bc3'
System info: os.name: 'Mac OS X', os.arch: 'aarch64', os.version: '15.0.1', java.version: '21.0.1'
Driver info: org.openqa.selenium.firefox.FirefoxDriver
Command: [2eb8fd54-595a-45f8-b6dc-1c1d624cb2c4, actions {actions=[org.openqa.selenium.interactions.Sequence@3113a37]}]
Capabilities {acceptInsecureCerts: true, browserName: firefox, browserVersion: 131.0, moz:accessibilityChecks: false, moz:buildID: 20240923135042, moz:debuggerAddress: 127.0.0.1:18580, moz:geckodriverVersion: 0.35.0, moz:headless: false, moz:platformVersion: 24.0.0, moz:processID: 14047, moz:profile: /var/folders/bd/9z0zwy_d06x..., moz:shutdownTimeout: 60000, moz:webdriverClick: true, moz:windowless: false, pageLoadStrategy: normal, platformName: mac, proxy: Proxy(), se:cdp: ws://127.0.0.1:18580/devtoo..., se:cdpVersion: 85.0, setWindowRect: true, strictFileInteractability: false, timeouts: {implicit: 0, pageLoad: 300000, script: 30000}, unhandledPromptBehavior: dismiss and notify, userAgent: Mozilla/5.0 (Macintosh; Int...}
Session ID: 2eb8fd54-595a-45f8-b6dc-1c1d624cb2c4
at org.openqa.selenium.remote.ErrorCodec.decode(ErrorCodec.java:167)
at org.openqa.selenium.remote.codec.w3c.W3CHttpResponseCodec.decode(W3CHttpResponseCodec.java:138)
at org.openqa.selenium.remote.codec.w3c.W3CHttpResponseCodec.decode(W3CHttpResponseCodec.java:50)
at org.openqa.selenium.remote.HttpCommandExecutor.execute(HttpCommandExecutor.java:190)
at org.openqa.selenium.remote.service.DriverCommandExecutor.invokeExecute(DriverCommandExecutor.java:216)
at org.openqa.selenium.remote.service.DriverCommandExecutor.execute(DriverCommandExecutor.java:174)
at org.openqa.selenium.remote.RemoteWebDriver.execute(RemoteWebDriver.java:545)
at org.openqa.selenium.remote.RemoteWebDriver.perform(RemoteWebDriver.java:631)
at org.openqa.selenium.interactions.Actions$BuiltAction.perform(Actions.java:613)
at e_commerce.Amazon.Buy_now(Amazon.java:105)
at e_commerce.Test_classes.Buynow(Test_classes.java:102)
at java.base/java.util.ArrayList.forEach(ArrayList.java:1596)
... Removed 28 stack frames]]>
    </failure>
  </testcase> <!-- Buynow -->
  <testcase classname="e_commerce.Test_classes" name="test" time="0.0">
    <skipped/>
  </testcase> <!-- test -->
</testsuite> <!-- FirefoxTest -->
