<?xml version="1.0" encoding="UTF-8"?>
<!-- Generated by org.testng.reporters.JUnitXMLReporter -->
<testsuite ignored="0" hostname="Aaveshs-MacBook-Air.local" failures="0" tests="2" name="SafariTest" time="10.469" errors="0" timestamp="2024-10-09T22:23:17 IST">
  <testcase classname="e_commerce.Test_classes" name="Buynow" time="0.0">
    <skipped/>
  </testcase> <!-- Buynow -->
  <testcase classname="e_commerce.Test_classes" name="test" time="0.0">
    <skipped/>
  </testcase> <!-- test -->
</testsuite> <!-- SafariTest -->
